<?xml version="1.0" encoding="UTF-8"?>
<!-- Generated by org.testng.reporters.JUnitReportReporter -->
<testsuite skipped="0" hostname="DESKTOP-N60QB27" name="testcases.LoginTest" tests="1" failures="0" timestamp="2022-09-18T02:51:37 IST" time="8.041" errors="0">
  <testcase name="loginTest" time="8.041" classname="testcases.LoginTest"/>
  <system-out/>
</testsuite> <!-- testcases.LoginTest -->
