<?xml version="1.0" encoding="UTF-8"?>
<!-- Generated by org.testng.reporters.JUnitReportReporter -->
<testsuite skipped="0" hostname="DESKTOP-N60QB27" name="testcases.ProductOrderTest" tests="1" failures="0" timestamp="2022-09-18T04:12:28 IST" time="35.329" errors="0">
  <testcase name="orderTest" time="35.329" classname="testcases.ProductOrderTest"/>
  <system-out/>
</testsuite> <!-- testcases.ProductOrderTest -->
